<?xml version="1.0" encoding="UTF-8"?>
<testng-results skipped="2" failed="0" ignored="0" total="2" passed="0">
  <reporter-output>
  </reporter-output>
  <suite name="Suite" duration-ms="67" started-at="2022-07-13T12:08:02 IST" finished-at="2022-07-13T12:08:02 IST">
    <groups>
    </groups>
    <test name="Test Chrome" duration-ms="28" started-at="2022-07-13T12:08:02 IST" finished-at="2022-07-13T12:08:02 IST">
      <class name="com.logintest.Test_001">
        <test-method status="SKIP" signature="setup(java.lang.String)[pri:0, instance:com.logintest.Test_001@ed9d034]" name="setup" is-config="true" duration-ms="-1657694282405" started-at="2022-07-13T12:08:02 IST" finished-at="1970-01-01T05:30:00 IST">
          <reporter-output>
          </reporter-output>
        </test-method> <!-- setup -->
        <test-method status="SKIP" signature="verifyLoginpage()[pri:0, instance:com.logintest.Test_001@ed9d034]" name="verifyLoginpage" duration-ms="0" started-at="2022-07-13T12:08:02 IST" finished-at="2022-07-13T12:08:02 IST">
          <reporter-output>
          </reporter-output>
        </test-method> <!-- verifyLoginpage -->
        <test-method status="SKIP" signature="teardown()[pri:0, instance:com.logintest.Test_001@ed9d034]" name="teardown" is-config="true" duration-ms="-1657694282412" started-at="2022-07-13T12:08:02 IST" finished-at="1970-01-01T05:30:00 IST">
          <reporter-output>
          </reporter-output>
        </test-method> <!-- teardown -->
      </class> <!-- com.logintest.Test_001 -->
    </test> <!-- Test Chrome -->
    <test name="Test Edge" duration-ms="10" started-at="2022-07-13T12:08:02 IST" finished-at="2022-07-13T12:08:02 IST">
      <class name="com.logintest.Test_001">
        <test-method status="FAIL" signature="StartSetup()[pri:0, instance:com.logintest.Test_001@289d1c02]" name="StartSetup" is-config="true" duration-ms="8" started-at="2022-07-13T12:08:02 IST" finished-at="2022-07-13T12:08:02 IST">
          <exception class="java.io.FileNotFoundException">
            <message>
              <![CDATA[C:\Users\PRIYAL\eclipse-workspace\maven1\Testdata\data.xlsx (The system cannot find the file specified)]]>
            </message>
            <full-stacktrace>
              <![CDATA[java.io.FileNotFoundException: C:\Users\PRIYAL\eclipse-workspace\maven1\Testdata\data.xlsx (The system cannot find the file specified)
at java.io.FileInputStream.open0(Native Method)
at java.io.FileInputStream.open(Unknown Source)
at java.io.FileInputStream.<init>(Unknown Source)
at java.io.FileInputStream.<init>(Unknown Source)
at com.utility.Excellentdataprovider.<init>(Excellentdataprovider.java:15)
at com.utility.Baseclass.StartSetup(Baseclass.java:28)
at sun.reflect.NativeMethodAccessorImpl.invoke0(Native Method)
at sun.reflect.NativeMethodAccessorImpl.invoke(Unknown Source)
at sun.reflect.DelegatingMethodAccessorImpl.invoke(Unknown Source)
at java.lang.reflect.Method.invoke(Unknown Source)
at org.testng.internal.MethodInvocationHelper.invokeMethod(MethodInvocationHelper.java:133)
at org.testng.internal.MethodInvocationHelper.invokeMethodConsideringTimeout(MethodInvocationHelper.java:62)
at org.testng.internal.ConfigInvoker.invokeConfigurationMethod(ConfigInvoker.java:385)
at org.testng.internal.ConfigInvoker.invokeConfigurations(ConfigInvoker.java:321)
at org.testng.SuiteRunner.privateRun(SuiteRunner.java:317)
at org.testng.SuiteRunner.run(SuiteRunner.java:276)
at org.testng.SuiteRunnerWorker.runSuite(SuiteRunnerWorker.java:53)
at org.testng.SuiteRunnerWorker.run(SuiteRunnerWorker.java:96)
at org.testng.TestNG.runSuitesSequentially(TestNG.java:1212)
at org.testng.TestNG.runSuitesLocally(TestNG.java:1134)
at org.testng.TestNG.runSuites(TestNG.java:1063)
at org.testng.TestNG.run(TestNG.java:1031)
at org.testng.remote.AbstractRemoteTestNG.run(AbstractRemoteTestNG.java:115)
at org.testng.remote.RemoteTestNG.initAndRun(RemoteTestNG.java:251)
at org.testng.remote.RemoteTestNG.main(RemoteTestNG.java:77)
]]>
            </full-stacktrace>
          </exception> <!-- java.io.FileNotFoundException -->
          <reporter-output>
          </reporter-output>
        </test-method> <!-- StartSetup -->
        <test-method status="SKIP" signature="setup(java.lang.String)[pri:0, instance:com.logintest.Test_001@289d1c02]" name="setup" is-config="true" duration-ms="-1657694282447" started-at="2022-07-13T12:08:02 IST" finished-at="1970-01-01T05:30:00 IST">
          <reporter-output>
          </reporter-output>
        </test-method> <!-- setup -->
        <test-method status="SKIP" signature="verifyLoginpage()[pri:0, instance:com.logintest.Test_001@289d1c02]" name="verifyLoginpage" duration-ms="0" started-at="2022-07-13T12:08:02 IST" finished-at="2022-07-13T12:08:02 IST">
          <exception class="java.io.FileNotFoundException">
            <message>
              <![CDATA[C:\Users\PRIYAL\eclipse-workspace\maven1\Testdata\data.xlsx (The system cannot find the file specified)]]>
            </message>
            <full-stacktrace>
              <![CDATA[java.io.FileNotFoundException: C:\Users\PRIYAL\eclipse-workspace\maven1\Testdata\data.xlsx (The system cannot find the file specified)
at java.io.FileInputStream.open0(Native Method)
at java.io.FileInputStream.open(Unknown Source)
at java.io.FileInputStream.<init>(Unknown Source)
at java.io.FileInputStream.<init>(Unknown Source)
at com.utility.Excellentdataprovider.<init>(Excellentdataprovider.java:15)
at com.utility.Baseclass.StartSetup(Baseclass.java:28)
at sun.reflect.NativeMethodAccessorImpl.invoke0(Native Method)
at sun.reflect.NativeMethodAccessorImpl.invoke(Unknown Source)
at sun.reflect.DelegatingMethodAccessorImpl.invoke(Unknown Source)
at java.lang.reflect.Method.invoke(Unknown Source)
at org.testng.internal.MethodInvocationHelper.invokeMethod(MethodInvocationHelper.java:133)
at org.testng.internal.MethodInvocationHelper.invokeMethodConsideringTimeout(MethodInvocationHelper.java:62)
at org.testng.internal.ConfigInvoker.invokeConfigurationMethod(ConfigInvoker.java:385)
at org.testng.internal.ConfigInvoker.invokeConfigurations(ConfigInvoker.java:321)
at org.testng.SuiteRunner.privateRun(SuiteRunner.java:317)
at org.testng.SuiteRunner.run(SuiteRunner.java:276)
at org.testng.SuiteRunnerWorker.runSuite(SuiteRunnerWorker.java:53)
at org.testng.SuiteRunnerWorker.run(SuiteRunnerWorker.java:96)
at org.testng.TestNG.runSuitesSequentially(TestNG.java:1212)
at org.testng.TestNG.runSuitesLocally(TestNG.java:1134)
at org.testng.TestNG.runSuites(TestNG.java:1063)
at org.testng.TestNG.run(TestNG.java:1031)
at org.testng.remote.AbstractRemoteTestNG.run(AbstractRemoteTestNG.java:115)
at org.testng.remote.RemoteTestNG.initAndRun(RemoteTestNG.java:251)
at org.testng.remote.RemoteTestNG.main(RemoteTestNG.java:77)
]]>
            </full-stacktrace>
          </exception> <!-- java.io.FileNotFoundException -->
          <reporter-output>
          </reporter-output>
        </test-method> <!-- verifyLoginpage -->
        <test-method status="SKIP" signature="teardown()[pri:0, instance:com.logintest.Test_001@289d1c02]" name="teardown" is-config="true" duration-ms="-1657694282452" started-at="2022-07-13T12:08:02 IST" finished-at="1970-01-01T05:30:00 IST">
          <reporter-output>
          </reporter-output>
        </test-method> <!-- teardown -->
      </class> <!-- com.logintest.Test_001 -->
    </test> <!-- Test Edge -->
  </suite> <!-- Suite -->
</testng-results>
